2014-11-03 00:34:16 Debug: The user admin (ID: 2) edited user (ID: 2)
2014-11-03 00:47:03 Debug: The user admin (ID: 4) edited user (ID: 5)
2014-11-03 00:58:41 Debug: The user administrator (ID: 7) edited user (ID: 7)
2014-12-21 08:34:24 Debug: The user administrator (ID: 7) registered user (ID: 9)
2014-12-21 20:08:46 Debug: The user administrateur (ID: 9) registered user (ID: 11)
2014-12-21 20:16:49 Debug: The user administrateur (ID: 9) deleted user (ID: )
2014-12-21 20:17:47 Debug: The user administrateur (ID: 9) deleted user (ID: )
2014-12-21 20:17:57 Debug: The user administrateur (ID: 9) deleted user (ID: )
2014-12-21 20:19:12 Debug: The user administrateur (ID: 9) registered user (ID: 9)
2014-12-21 20:19:21 Debug: The user administrateur (ID: 9) deleted user (ID: )
2014-12-21 20:19:41 Debug: The user administrateur (ID: 9) registered user (ID: 9)
2014-12-21 20:19:49 Debug: The user administrateur (ID: 9) deleted user (ID: )
2014-12-21 20:21:40 Debug: The user administrateur (ID: 9) registered user (ID: 9)
2014-12-21 20:30:53 Debug: The user administrateur (ID: 9) edited user (ID: 8)
2014-12-21 20:30:58 Debug: The user administrateur (ID: 9) edited user (ID: 8)
2014-12-21 20:34:46 Debug: The user administrateur (ID: 9) deleted user (ID: )
2014-12-21 20:34:50 Debug: The user administrateur (ID: 9) deleted user (ID: )
2014-12-21 20:35:12 Debug: The user administrateur (ID: 9) registered user (ID: 8)
2014-12-21 20:36:42 Debug: The user administrateur (ID: 9) deleted user (ID: )
2014-12-21 20:36:48 Debug: The user administrateur (ID: 9) registered user (ID: 8)
2014-12-21 20:37:30 Debug: The user administrateur (ID: 9) registered user (ID: 9)
2014-12-21 20:37:36 Debug: The user administrateur (ID: 9) deleted user (ID: )
2014-12-21 20:38:14 Debug: The user administrateur (ID: 9) registered user (ID: 10)
2014-12-21 20:38:20 Debug: The user administrateur (ID: 9) deleted user (ID: )
2014-12-21 20:38:51 Debug: The user administrateur (ID: 9) registered user (ID: 11)
2014-12-21 20:39:00 Debug: The user administrateur (ID: 9) deleted user (ID: )
2014-12-21 21:48:20 Debug: The user administrateur (ID: 12) deleted user (ID: )
2014-12-21 21:49:06 Debug: The user administrateur (ID: 12) registered user (ID: 13)
2014-12-21 21:53:22 Debug: The user administrateur (ID: 12) registered user (ID: 14)
2014-12-21 22:06:04 Debug: The user administrateur (ID: 12) registered user (ID: 15)
2014-12-21 22:11:05 Debug: The user administrateur (ID: 12) registered user (ID: 16)
2014-12-21 22:14:55 Debug: The user administrateur (ID: 12) registered user (ID: 17)
2014-12-21 22:19:10 Debug: The user administrateur (ID: 12) deleted user (ID: )
2014-12-21 22:19:11 Debug: The user administrateur (ID: 12) deleted user (ID: )
2014-12-21 22:19:13 Debug: The user administrateur (ID: 12) deleted user (ID: )
2014-12-21 22:19:15 Debug: The user administrateur (ID: 12) deleted user (ID: )
2014-12-21 22:19:16 Debug: The user administrateur (ID: 12) deleted user (ID: )
2014-12-21 22:19:29 Debug: The user administrateur (ID: 12) registered user (ID: 13)
2014-12-21 22:19:46 Debug: The user administrateur (ID: 12) registered user (ID: 14)
2014-12-21 22:22:13 Debug: The user administrateur (ID: 12) registered user (ID: 15)
